c:\users\dan03\onedrive\рабочий стол\homework\cpp\geometry\geometry\x64\debug\vc143.pdb
c:\users\dan03\onedrive\рабочий стол\homework\cpp\geometry\geometry\x64\debug\vc143.idb
c:\users\dan03\onedrive\рабочий стол\homework\cpp\geometry\geometry\x64\debug\main.obj
c:\users\dan03\onedrive\рабочий стол\homework\cpp\geometry\geometry\x64\debug\figures.obj
c:\users\dan03\onedrive\рабочий стол\homework\cpp\geometry\x64\debug\geometry.exe
c:\users\dan03\onedrive\рабочий стол\homework\cpp\geometry\geometry\x64\debug\geometry.ilk
c:\users\dan03\onedrive\рабочий стол\homework\cpp\geometry\x64\debug\geometry.pdb
c:\users\dan03\desktop\homework\cpp\geometry\geometry\x64\debug\figures.obj
c:\users\dan03\desktop\homework\cpp\geometry\geometry\x64\debug\main.obj
c:\users\dan03\desktop\homework\cpp\geometry\geometry\x64\debug\geometry.ilk
c:\users\dan03\desktop\homework\cpp\geometry\geometry\x64\debug\vc142.idb
c:\users\dan03\desktop\homework\cpp\geometry\geometry\x64\debug\vc143.idb
c:\users\dan03\desktop\homework\cpp\geometry\geometry\x64\debug\vc142.pdb
c:\users\dan03\desktop\homework\cpp\geometry\geometry\x64\debug\vc143.pdb
c:\users\dan03\desktop\homework\cpp\geometry\x64\debug\geometry.pdb
c:\users\dan03\desktop\homework\cpp\geometry\x64\debug\geometry.exe
c:\users\dan03\desktop\homework\cpp\geometry\geometry\x64\debug\geometry.tlog\cl.command.1.tlog
c:\users\dan03\desktop\homework\cpp\geometry\geometry\x64\debug\geometry.tlog\cl.read.1.tlog
c:\users\dan03\desktop\homework\cpp\geometry\geometry\x64\debug\geometry.tlog\cl.write.1.tlog
c:\users\dan03\desktop\homework\cpp\geometry\geometry\x64\debug\geometry.tlog\link.command.1.tlog
c:\users\dan03\desktop\homework\cpp\geometry\geometry\x64\debug\geometry.tlog\link.read.1.tlog
c:\users\dan03\desktop\homework\cpp\geometry\geometry\x64\debug\geometry.tlog\link.write.1.tlog
